# JRE version: OpenJDK Runtime Environment Temurin-21.0.10+7 (21.0.10+7) (build 21.0.10+7-LTS)
# Java VM: OpenJDK 64-Bit Server VM Temurin-21.0.10+7 (21.0.10+7-LTS, mixed mode, sharing, tiered, compressed oops, compressed class ptrs, parallel gc, windows-amd64)
GC Precious Log:
 CardTable entry size: 512
 CPUs: 8 total, 8 available
 Memory: 8025M
 Large Page Support: Disabled
 NUMA Support: Disabled
 Compressed Oops: Enabled (32-bit)
 Alignments: Space 512K, Generation 512K, Heap 2M
 Heap Min Capacity: 100M
 Heap Initial Capacity: 100M
 Heap Max Capacity: 2G
 Pre-touch: Disabled
 Parallel Workers: 8
Heap:
 PSYoungGen      total 22528K, used 15791K [0x00000000d5580000, 0x00000000d7180000, 0x0000000100000000)
  eden space 18432K, 78% used [0x00000000d5580000,0x00000000d638e638,0x00000000d6780000)
  from space 4096K, 34% used [0x00000000d6a80000,0x00000000d6bdd640,0x00000000d6e80000)
  to   space 2048K, 0% used [0x00000000d6f80000,0x00000000d6f80000,0x00000000d7180000)
 ParOldGen       total 68608K, used 60241K [0x0000000080000000, 0x0000000084300000, 0x00000000d5580000)
  object space 68608K, 87% used [0x0000000080000000,0x0000000083ad45e0,0x0000000084300000)
 Metaspace       used 67787K, committed 69184K, reserved 1114112K
  class space    used 7254K, committed 7872K, reserved 1048576K
GC Heap History (20 events):
Event: 50.499 GC heap before
{Heap before GC invocations=51 (full 3):
 PSYoungGen      total 19968K, used 19936K [0x00000000d5580000, 0x00000000d6d80000, 0x0000000100000000)
  eden space 18432K, 100% used [0x00000000d5580000,0x00000000d6780000,0x00000000d6780000)
  from space 1536K, 97% used [0x00000000d6780000,0x00000000d68f8010,0x00000000d6900000)
  to   space 3072K, 0% used [0x00000000d6a80000,0x00000000d6a80000,0x00000000d6d80000)
 ParOldGen       total 68608K, used 38839K [0x0000000080000000, 0x0000000084300000, 0x00000000d5580000)
  object space 68608K, 56% used [0x0000000080000000,0x00000000825edfe8,0x0000000084300000)
 Metaspace       used 65900K, committed 67328K, reserved 1114112K
  class space    used 7060K, committed 7680K, reserved 1048576K
}
Event: 50.502 GC heap after
{Heap after GC invocations=51 (full 3):
 PSYoungGen      total 20480K, used 2018K [0x00000000d5580000, 0x00000000d6c80000, 0x0000000100000000)
  eden space 18432K, 0% used [0x00000000d5580000,0x00000000d5580000,0x00000000d6780000)
  from space 2048K, 98% used [0x00000000d6a80000,0x00000000d6c78810,0x00000000d6c80000)
  to   space 2560K, 0% used [0x00000000d6780000,0x00000000d6780000,0x00000000d6a00000)
 ParOldGen       total 68608K, used 40327K [0x0000000080000000, 0x0000000084300000, 0x00000000d5580000)
  object space 68608K, 58% used [0x0000000080000000,0x0000000082761ff8,0x0000000084300000)
 Metaspace       used 65900K, committed 67328K, reserved 1114112K
  class space    used 7060K, committed 7680K, reserved 1048576K
}
Event: 50.531 GC heap before
{Heap before GC invocations=52 (full 3):
 PSYoungGen      total 20480K, used 20450K [0x00000000d5580000, 0x00000000d6c80000, 0x0000000100000000)
  eden space 18432K, 100% used [0x00000000d5580000,0x00000000d6780000,0x00000000d6780000)
  from space 2048K, 98% used [0x00000000d6a80000,0x00000000d6c78810,0x00000000d6c80000)
  to   space 2560K, 0% used [0x00000000d6780000,0x00000000d6780000,0x00000000d6a00000)
 ParOldGen       total 68608K, used 40327K [0x0000000080000000, 0x0000000084300000, 0x00000000d5580000)
  object space 68608K, 58% used [0x0000000080000000,0x0000000082761ff8,0x0000000084300000)
 Metaspace       used 65901K, committed 67328K, reserved 1114112K
  class space    used 7060K, committed 7680K, reserved 1048576K
}
Event: 50.534 GC heap after
{Heap after GC invocations=52 (full 3):
 PSYoungGen      total 20480K, used 1824K [0x00000000d5580000, 0x00000000d6b80000, 0x0000000100000000)
  eden space 18432K, 0% used [0x00000000d5580000,0x00000000d5580000,0x00000000d6780000)
  from space 2048K, 89% used [0x00000000d6780000,0x00000000d6948010,0x00000000d6980000)
  to   space 2048K, 0% used [0x00000000d6980000,0x00000000d6980000,0x00000000d6b80000)
 ParOldGen       total 68608K, used 42211K [0x0000000080000000, 0x0000000084300000, 0x00000000d5580000)
  object space 68608K, 61% used [0x0000000080000000,0x0000000082938ef0,0x0000000084300000)
 Metaspace       used 65901K, committed 67328K, reserved 1114112K
  class space    used 7060K, committed 7680K, reserved 1048576K
}
Event: 50.572 GC heap before
{Heap before GC invocations=53 (full 3):
 PSYoungGen      total 20480K, used 20256K [0x00000000d5580000, 0x00000000d6b80000, 0x0000000100000000)
  eden space 18432K, 100% used [0x00000000d5580000,0x00000000d6780000,0x00000000d6780000)
  from space 2048K, 89% used [0x00000000d6780000,0x00000000d6948010,0x00000000d6980000)
  to   space 2048K, 0% used [0x00000000d6980000,0x00000000d6980000,0x00000000d6b80000)
 ParOldGen       total 68608K, used 42211K [0x0000000080000000, 0x0000000084300000, 0x00000000d5580000)
  object space 68608K, 61% used [0x0000000080000000,0x0000000082938ef0,0x0000000084300000)
 Metaspace       used 65910K, committed 67328K, reserved 1114112K
  class space    used 7060K, committed 7680K, reserved 1048576K
}
Event: 50.575 GC heap after
{Heap after GC invocations=53 (full 3):
 PSYoungGen      total 20480K, used 1792K [0x00000000d5580000, 0x00000000d6b80000, 0x0000000100000000)
  eden space 18432K, 0% used [0x00000000d5580000,0x00000000d5580000,0x00000000d6780000)
  from space 2048K, 87% used [0x00000000d6980000,0x00000000d6b40000,0x00000000d6b80000)
  to   space 2048K, 0% used [0x00000000d6780000,0x00000000d6780000,0x00000000d6980000)
 ParOldGen       total 68608K, used 43923K [0x0000000080000000, 0x0000000084300000, 0x00000000d5580000)
  object space 68608K, 64% used [0x0000000080000000,0x0000000082ae4f00,0x0000000084300000)
 Metaspace       used 65910K, committed 67328K, reserved 1114112K
  class space    used 7060K, committed 7680K, reserved 1048576K
}
Event: 50.615 GC heap before
{Heap before GC invocations=54 (full 3):
 PSYoungGen      total 20480K, used 20224K [0x00000000d5580000, 0x00000000d6b80000, 0x0000000100000000)
  eden space 18432K, 100% used [0x00000000d5580000,0x00000000d6780000,0x00000000d6780000)
  from space 2048K, 87% used [0x00000000d6980000,0x00000000d6b40000,0x00000000d6b80000)
  to   space 2048K, 0% used [0x00000000d6780000,0x00000000d6780000,0x00000000d6980000)
 ParOldGen       total 68608K, used 43923K [0x0000000080000000, 0x0000000084300000, 0x00000000d5580000)
  object space 68608K, 64% used [0x0000000080000000,0x0000000082ae4f00,0x0000000084300000)
 Metaspace       used 65913K, committed 67328K, reserved 1114112K
  class space    used 7060K, committed 7680K, reserved 1048576K
}
Event: 50.620 GC heap after
{Heap after GC invocations=54 (full 3):
 PSYoungGen      total 20480K, used 1892K [0x00000000d5580000, 0x00000000d6b80000, 0x0000000100000000)
  eden space 18432K, 0% used [0x00000000d5580000,0x00000000d5580000,0x00000000d6780000)
  from space 2048K, 92% used [0x00000000d6780000,0x00000000d6959000,0x00000000d6980000)
  to   space 2048K, 0% used [0x00000000d6980000,0x00000000d6980000,0x00000000d6b80000)
 ParOldGen       total 68608K, used 45594K [0x0000000080000000, 0x0000000084300000, 0x00000000d5580000)
  object space 68608K, 66% used [0x0000000080000000,0x0000000082c868b0,0x0000000084300000)
 Metaspace       used 65913K, committed 67328K, reserved 1114112K
  class space    used 7060K, committed 7680K, reserved 1048576K
}
Event: 50.693 GC heap before
{Heap before GC invocations=55 (full 3):
 PSYoungGen      total 20480K, used 20324K [0x00000000d5580000, 0x00000000d6b80000, 0x0000000100000000)
  eden space 18432K, 100% used [0x00000000d5580000,0x00000000d6780000,0x00000000d6780000)
  from space 2048K, 92% used [0x00000000d6780000,0x00000000d6959000,0x00000000d6980000)
  to   space 2048K, 0% used [0x00000000d6980000,0x00000000d6980000,0x00000000d6b80000)
 ParOldGen       total 68608K, used 45594K [0x0000000080000000, 0x0000000084300000, 0x00000000d5580000)
  object space 68608K, 66% used [0x0000000080000000,0x0000000082c868b0,0x0000000084300000)
 Metaspace       used 65931K, committed 67328K, reserved 1114112K
  class space    used 7060K, committed 7680K, reserved 1048576K
}
Event: 50.696 GC heap after
{Heap after GC invocations=55 (full 3):
 PSYoungGen      total 20480K, used 1888K [0x00000000d5580000, 0x00000000d6b80000, 0x0000000100000000)
  eden space 18432K, 0% used [0x00000000d5580000,0x00000000d5580000,0x00000000d6780000)
  from space 2048K, 92% used [0x00000000d6980000,0x00000000d6b58010,0x00000000d6b80000)
  to   space 2048K, 0% used [0x00000000d6780000,0x00000000d6780000,0x00000000d6980000)
 ParOldGen       total 68608K, used 47338K [0x0000000080000000, 0x0000000084300000, 0x00000000d5580000)
  object space 68608K, 68% used [0x0000000080000000,0x0000000082e3a9b0,0x0000000084300000)
 Metaspace       used 65931K, committed 67328K, reserved 1114112K
  class space    used 7060K, committed 7680K, reserved 1048576K
}
Event: 50.749 GC heap before
{Heap before GC invocations=56 (full 3):
 PSYoungGen      total 20480K, used 20320K [0x00000000d5580000, 0x00000000d6b80000, 0x0000000100000000)
  eden space 18432K, 100% used [0x00000000d5580000,0x00000000d6780000,0x00000000d6780000)
  from space 2048K, 92% used [0x00000000d6980000,0x00000000d6b58010,0x00000000d6b80000)
  to   space 2048K, 0% used [0x00000000d6780000,0x00000000d6780000,0x00000000d6980000)
 ParOldGen       total 68608K, used 47338K [0x0000000080000000, 0x0000000084300000, 0x00000000d5580000)
  object space 68608K, 68% used [0x0000000080000000,0x0000000082e3a9b0,0x0000000084300000)
 Metaspace       used 65947K, committed 67328K, reserved 1114112K
  class space    used 7060K, committed 7680K, reserved 1048576K
}
Event: 50.752 GC heap after
{Heap after GC invocations=56 (full 3):
 PSYoungGen      total 20480K, used 1624K [0x00000000d5580000, 0x00000000d6b80000, 0x0000000100000000)
  eden space 18432K, 0% used [0x00000000d5580000,0x00000000d5580000,0x00000000d6780000)
  from space 2048K, 79% used [0x00000000d6780000,0x00000000d6916200,0x00000000d6980000)
  to   space 2048K, 0% used [0x00000000d6980000,0x00000000d6980000,0x00000000d6b80000)
 ParOldGen       total 68608K, used 49122K [0x0000000080000000, 0x0000000084300000, 0x00000000d5580000)
  object space 68608K, 71% used [0x0000000080000000,0x0000000082ff89c0,0x0000000084300000)
 Metaspace       used 65947K, committed 67328K, reserved 1114112K
  class space    used 7060K, committed 7680K, reserved 1048576K
}
Event: 50.949 GC heap before
{Heap before GC invocations=57 (full 3):
 PSYoungGen      total 20480K, used 19476K [0x00000000d5580000, 0x00000000d6b80000, 0x0000000100000000)
  eden space 18432K, 96% used [0x00000000d5580000,0x00000000d66ef170,0x00000000d6780000)
  from space 2048K, 79% used [0x00000000d6780000,0x00000000d6916200,0x00000000d6980000)
  to   space 2048K, 0% used [0x00000000d6980000,0x00000000d6980000,0x00000000d6b80000)
 ParOldGen       total 68608K, used 49122K [0x0000000080000000, 0x0000000084300000, 0x00000000d5580000)
  object space 68608K, 71% used [0x0000000080000000,0x0000000082ff89c0,0x0000000084300000)
 Metaspace       used 66113K, committed 67456K, reserved 1114112K
  class space    used 7066K, committed 7680K, reserved 1048576K
}
Event: 50.952 GC heap after
{Heap after GC invocations=57 (full 3):
 PSYoungGen      total 19968K, used 1408K [0x00000000d5580000, 0x00000000d6b00000, 0x0000000100000000)
  eden space 18432K, 0% used [0x00000000d5580000,0x00000000d5580000,0x00000000d6780000)
  from space 1536K, 91% used [0x00000000d6980000,0x00000000d6ae0000,0x00000000d6b00000)
  to   space 1536K, 0% used [0x00000000d6800000,0x00000000d6800000,0x00000000d6980000)
 ParOldGen       total 68608K, used 50634K [0x0000000080000000, 0x0000000084300000, 0x00000000d5580000)
  object space 68608K, 73% used [0x0000000080000000,0x0000000083172bc0,0x0000000084300000)
 Metaspace       used 66113K, committed 67456K, reserved 1114112K
  class space    used 7066K, committed 7680K, reserved 1048576K
}
Event: 51.130 GC heap before
{Heap before GC invocations=58 (full 3):
 PSYoungGen      total 19968K, used 19839K [0x00000000d5580000, 0x00000000d6b00000, 0x0000000100000000)
  eden space 18432K, 99% used [0x00000000d5580000,0x00000000d677fff0,0x00000000d6780000)
  from space 1536K, 91% used [0x00000000d6980000,0x00000000d6ae0000,0x00000000d6b00000)
  to   space 1536K, 0% used [0x00000000d6800000,0x00000000d6800000,0x00000000d6980000)
 ParOldGen       total 68608K, used 50634K [0x0000000080000000, 0x0000000084300000, 0x00000000d5580000)
  object space 68608K, 73% used [0x0000000080000000,0x0000000083172bc0,0x0000000084300000)
 Metaspace       used 67013K, committed 68416K, reserved 1114112K
  class space    used 7177K, committed 7808K, reserved 1048576K
}
Event: 51.135 GC heap after
{Heap after GC invocations=58 (full 3):
 PSYoungGen      total 19968K, used 1519K [0x00000000d5580000, 0x00000000d7a80000, 0x0000000100000000)
  eden space 18432K, 0% used [0x00000000d5580000,0x00000000d5580000,0x00000000d6780000)
  from space 1536K, 98% used [0x00000000d6800000,0x00000000d697bf20,0x00000000d6980000)
  to   space 9728K, 0% used [0x00000000d7100000,0x00000000d7100000,0x00000000d7a80000)
 ParOldGen       total 68608K, used 57624K [0x0000000080000000, 0x0000000084300000, 0x00000000d5580000)
  object space 68608K, 83% used [0x0000000080000000,0x0000000083846350,0x0000000084300000)
 Metaspace       used 67013K, committed 68416K, reserved 1114112K
  class space    used 7177K, committed 7808K, reserved 1048576K
}
Event: 54.309 GC heap before
{Heap before GC invocations=59 (full 3):
 PSYoungGen      total 19968K, used 19951K [0x00000000d5580000, 0x00000000d7a80000, 0x0000000100000000)
  eden space 18432K, 100% used [0x00000000d5580000,0x00000000d6780000,0x00000000d6780000)
  from space 1536K, 98% used [0x00000000d6800000,0x00000000d697bf20,0x00000000d6980000)
  to   space 9728K, 0% used [0x00000000d7100000,0x00000000d7100000,0x00000000d7a80000)
 ParOldGen       total 68608K, used 57624K [0x0000000080000000, 0x0000000084300000, 0x00000000d5580000)
  object space 68608K, 83% used [0x0000000080000000,0x0000000083846350,0x0000000084300000)
 Metaspace       used 67532K, committed 68992K, reserved 1114112K
  class space    used 7228K, committed 7872K, reserved 1048576K
}
Event: 54.311 GC heap after
{Heap after GC invocations=59 (full 3):
 PSYoungGen      total 19968K, used 1280K [0x00000000d5580000, 0x00000000d7280000, 0x0000000100000000)
  eden space 18432K, 0% used [0x00000000d5580000,0x00000000d5580000,0x00000000d6780000)
  from space 1536K, 83% used [0x00000000d7100000,0x00000000d72402b0,0x00000000d7280000)
  to   space 4096K, 0% used [0x00000000d6a80000,0x00000000d6a80000,0x00000000d6e80000)
 ParOldGen       total 68608K, used 59130K [0x0000000080000000, 0x0000000084300000, 0x00000000d5580000)
  object space 68608K, 86% used [0x0000000080000000,0x00000000839be998,0x0000000084300000)
 Metaspace       used 67532K, committed 68992K, reserved 1114112K
  class space    used 7228K, committed 7872K, reserved 1048576K
}
Event: 54.395 GC heap before
{Heap before GC invocations=60 (full 3):
 PSYoungGen      total 19968K, used 19712K [0x00000000d5580000, 0x00000000d7280000, 0x0000000100000000)
  eden space 18432K, 100% used [0x00000000d5580000,0x00000000d6780000,0x00000000d6780000)
  from space 1536K, 83% used [0x00000000d7100000,0x00000000d72402b0,0x00000000d7280000)
  to   space 4096K, 0% used [0x00000000d6a80000,0x00000000d6a80000,0x00000000d6e80000)
 ParOldGen       total 68608K, used 59130K [0x0000000080000000, 0x0000000084300000, 0x00000000d5580000)
  object space 68608K, 86% used [0x0000000080000000,0x00000000839be998,0x0000000084300000)
 Metaspace       used 67561K, committed 68992K, reserved 1114112K
  class space    used 7228K, committed 7872K, reserved 1048576K
}
Event: 54.397 GC heap after
{Heap after GC invocations=60 (full 3):
 PSYoungGen      total 22528K, used 1397K [0x00000000d5580000, 0x00000000d7180000, 0x0000000100000000)
  eden space 18432K, 0% used [0x00000000d5580000,0x00000000d5580000,0x00000000d6780000)
  from space 4096K, 34% used [0x00000000d6a80000,0x00000000d6bdd640,0x00000000d6e80000)
  to   space 2048K, 0% used [0x00000000d6f80000,0x00000000d6f80000,0x00000000d7180000)
 ParOldGen       total 68608K, used 60241K [0x0000000080000000, 0x0000000084300000, 0x00000000d5580000)
  object space 68608K, 87% used [0x0000000080000000,0x0000000083ad45e0,0x0000000084300000)
 Metaspace       used 67561K, committed 68992K, reserved 1114112K
  class space    used 7228K, committed 7872K, reserved 1048576K
}

